W0602 21:22:41.284000 140020011542336 torch/distributed/run.py:779] 
W0602 21:22:41.284000 140020011542336 torch/distributed/run.py:779] *****************************************
W0602 21:22:41.284000 140020011542336 torch/distributed/run.py:779] Setting OMP_NUM_THREADS environment variable for each process to be 1 in default, to avoid your system being overloaded, please further tune the variable for optimal performance in your application as needed. 
W0602 21:22:41.284000 140020011542336 torch/distributed/run.py:779] *****************************************
[W602 21:22:41.010094515 socket.cpp:697] [c10d] The client socket cannot be initialized to connect to [localhost]:48947 (errno: 97 - Address family not supported by protocol).
[[36m2026-06-02 21:22:44,998[0m][[34m__main__[0m][[32mINFO[0m] - [rank: 0] Printing config tree with Rich! <cfg.extras.print_config=True>[0m
[[36m2026-06-02 21:22:44,999[0m][[34msrc.utils.rich_utils[0m][[33mWARNING[0m] - [rank: 0] Field 'extras' not found in config. Skipping 'extras' config printing...[0m
CONFIG
├── data
│   └── _target_: src.smart.datamodules.MultiDataModule                         
│       train_batch_size: 16                                                    
│       val_batch_size: 16                                                      
│       test_batch_size: 16                                                     
│       num_workers: 4                                                          
│       prefetch_factor: 1                                                      
│       shuffle: true                                                           
│       pin_memory: true                                                        
│       persistent_workers: true                                                
│       eval_num_workers: null                                                  
│       eval_prefetch_factor: null                                              
│       eval_pin_memory: null                                                   
│       eval_persistent_workers: null                                           
│       eval_multiprocessing_context: null                                      
│       train_raw_dir: /home2/pnc2/repos_python/datasets/catk_cache/training    
│       val_raw_dir: /home2/pnc2/repos_python/datasets/catk_cache/validation    
│       val_tfrecords_splitted: /home2/pnc2/repos_python/datasets/catk_cache/val
│       test_raw_dir: /home2/pnc2/repos_python/datasets/catk_cache/testing      
│       train_max_num: 32                                                       
│       train_use_eval_agent_selection: true                                    
│       train_epoch_sample_fraction: 0.5                                        
│       train_memory_balanced_batches: false                                    
│       train_memory_balance_metadata_cache: null                               
│       train_memory_balance_metadata_num_workers: 8                            
│       train_memory_balance_build_on_missing: true                             
│       train_memory_balance_agent_weight: 1.0                                  
│       train_memory_balance_current_valid_agent_weight: 1.0                    
│       train_memory_balance_valid_agent_step_weight: 0.0                       
│       train_memory_balance_map_weight: 0.02                                   
│       train_memory_balance_seed: 0                                            
│                                                                               
├── model
│   └── _target_: src.smart.model.smart_flow.SMARTFlow                          
│       model_config:                                                           
│         lr: 1.0e-06                                                           
│         weight_decay: 0.01                                                    
│         lr_warmup_steps: 0                                                    
│         lr_total_steps: -1                                                    
│         lr_min_ratio: 0.01                                                    
│         n_rollout_closed_val: 32                                              
│         wosac_cpd_reference: null                                             
│         wosac_distribution_type_scale:                                        
│         - 22.3461620418                                                       
│         - 4.5793447978                                                        
│         - 18.537438883                                                        
│         n_batch_sim_agents_metric: 10                                         
│         scorer_scene_num: 1728                                                
│         sim_agents_metric_workers: 8                                          
│         n_vis_batch: 0                                                        
│         n_vis_scenario: 0                                                     
│         n_vis_rollout: 0                                                      
│         vis_ghost_gt: false                                                   
│         vis_flow_preview: true                                                
│         delete_local_videos_after_wandb_upload: false                         
│         val_open_loop: true                                                   
│         val_closed_loop: true                                                 
│         validation_open_seed: 0                                               
│         validation_closed_seed: 0                                             
│         token_processor:                                                      
│           map_token_file: map_traj_token5.pkl                                 
│           agent_token_file: agent_vocab_555_s2.pkl                            
│           flow_window_steps: 20                                               
│           use_prefix_valid_future_loss_mask: true                             
│           use_kinematic_control_flow: true                                    
│           use_holonomic_model_only: false                                     
│           use_rolling_supervision: true                                       
│           control_pos_scale_m: 1.0                                            
│           control_vehicle_no_slip_point_ratio: 0.2289518863                   
│           control_cyclist_no_slip_point_ratio: 0.0495847873                   
│           control_vehicle_yaw_scale_rad: 0.025                                
│           control_pedestrian_yaw_scale_rad: 0.2                               
│           control_cyclist_yaw_scale_rad: 0.06                                 
│           control_round_trip_max_position_error_m: 0.5                        
│         validation_rollout_sampling:                                          
│           sample_steps: 16                                                    
│           sample_method: euler                                                
│           noise_scale: 1.0                                                    
│         self_forced:                                                          
│           enabled: true                                                       
│           start_epoch: 0                                                      
│           weight: 1.0                                                         
│           path_step_size: 0.05                                                
│           anchor_weight: 0.0                                                  
│           use_anchor_flow_matching_loss: false                                
│           distribution_matching_objective: dmd                                
│           sid_alpha: 1.0                                                      
│           sid_normalizer_eps: 0.001                                           
│           detach_block_transition: false                                      
│           use_stop_motion: false                                              
│           estimator_updates_per_step: 3                                       
│           estimator_warmup_epochs: 0                                          
│           initialize_aux_from_generator_on_fit_start: true                    
│           unfrozen_range: velocity_head_only                                  
│           ema_weight: 0.99                                                    
│           ema_start_step: 50                                                  
│           gradient_clip_val: 10.0                                             
│           sampling:                                                           
│             sample_steps: 16                                                  
│             sample_method: euler                                              
│             noise_scale: 1.0                                                  
│             random_terminal_step:                                             
│               enabled: true                                                   
│               scope: global_batch                                             
│               policy: paper_uniform                                           
│               min_executed_steps: 16                                          
│           dmd_beta: 1.0                                                       
│           dmd_normalize: true                                                 
│           dmd_beta_warmup_steps: 0                                            
│           dmd_beta_anneal_steps: 0                                            
│           estimator_lr: 1.0e-05                                               
│           estimator_warmup_steps: 200                                         
│           n_rollouts: 1                                                       
│           n_anchors: 4                                                        
│           anchor_stride: 4                                                    
│         decoder:                                                              
│           hidden_dim: 128                                                     
│           num_freq_bands: 64                                                  
│           num_heads: 8                                                        
│           head_dim: 15                                                        
│           dropout: 0.1                                                        
│           hist_drop_prob: 0.1                                                 
│           num_map_layers: 3                                                   
│           num_agent_layers: 6                                                 
│           pl2pl_radius: 10                                                    
│           pl2a_radius: 30                                                     
│           a2a_radius: 60                                                      
│           time_span: 30                                                       
│           num_historical_steps: 11                                            
│           num_future_steps: 80                                                
│           flow_window_steps: 20                                               
│           flow_dim: 96                                                        
│           flow_num_chunk_heads: 4                                             
│           flow_num_chunk_layers: 2                                            
│           flow_solver_steps: 32                                               
│           flow_solver_method: euler                                           
│           flow_solver_eps: 0.001                                              
│           detach_train_metric_clean: false                                    
│           use_kinematic_control_flow: true                                    
│           use_holonomic_model_only: false                                     
│           use_rolling_supervision: true                                       
│           control_pos_scale_m: 1.0                                            
│           control_vehicle_no_slip_point_ratio: 0.2289518863                   
│           control_cyclist_no_slip_point_ratio: 0.0495847873                   
│           control_vehicle_yaw_scale_rad: 0.025                                
│           control_pedestrian_yaw_scale_rad: 0.2                               
│           control_cyclist_yaw_scale_rad: 0.06                                 
│           closed_loop_rollout_mode: raw_fm                                    
│           use_lqr: false                                                      
│           use_stop_motion: false                                              
│           lqr_commit:                                                         
│             dt: 0.1                                                           
│             history_steps: 6                                                  
│             horizon_steps: 10                                                 
│             velocity_smooth_lambda: 0.0001                                    
│             curvature_smooth_lambda: 0.01                                     
│             curvature_init_reg: 1.0e-10                                       
│             stop_speed_mps: 0.2                                               
│             stop_speed_kp: 0.5                                                
│             longitudinal_q: 10.0                                              
│             longitudinal_r: 0.0                                               
│             lateral_q_lat: 1.0                                                
│             lateral_q_head: 10.0                                              
│             lateral_q_kappa: 0.0                                              
│             lateral_r: 0.0                                                    
│             accel_tau_s: 0.0                                                  
│             curvature_tau_s: 0.0                                              
│             min_speed_for_curvature_clip_mps: 0.5                             
│         sim_agents_submission:                                                
│           is_active: false                                                    
│           method_name: SMART-flow-7M                                          
│           authors:                                                            
│           - Seulbin Hwang                                                     
│           - Kiyoung Om                                                        
│           affiliation: NaverLabs                                              
│           description: Flow-based generative model for simulating realistic ag
│           method_link: not available yet                                      
│           account_name: h.sb@naverlabs.com                                    
│         finetune:                                                             
│           enabled: false                                                      
│           train_except_map_encoder: false                                     
│           train_full_flow_decoder_only: false                                 
│           mode: none                                                          
│           velocity_head_only: false                                           
│           ocsc_n_rollouts: 4                                                  
│           ocsc_n_ol_rollouts: -1                                              
│           ocsc_ol_nearest_match: true                                         
│           ocsc_loss_type: l2                                                  
│           ocsc_gt_target: false                                               
│           ocsc_use_pretrained_ref: true                                       
│           ocsc_anchor_idx: 0                                                  
│           ocsc_match_space: pose                                              
│           ocsc_loss_window_steps: -1                                          
│           ocsc_loss_temporal_stride: -1                                       
│           ocsc_strict_active_mask: true                                       
│           ocsc_position_weight: 1.0                                           
│           ocsc_heading_weight: 0.01                                           
│         sim_agents_context_cache_size: 64                                     
│                                                                               
├── callbacks
│   └── model_checkpoint:                                                       
│         _target_: lightning.pytorch.callbacks.ModelCheckpoint                 
│         dirpath: /home2/pnc2/repos_python/kinematic_flow/logs/flow_dmd_head_lr
│         filename: epoch_{epoch:03d}                                           
│         monitor: val_closed/sim_agents_2025/realism_meta_metric               
│         verbose: false                                                        
│         save_last: link                                                       
│         save_top_k: 1                                                         
│         mode: max                                                             
│         auto_insert_metric_name: false                                        
│         save_weights_only: false                                              
│         every_n_train_steps: null                                             
│         train_time_interval: null                                             
│         every_n_epochs: 1                                                     
│         save_on_train_epoch_end: null                                         
│       epoch_last_checkpoint:                                                  
│         _target_: src.utils.epoch_last_checkpoint.EpochLastCheckpointCallback 
│         dirpath: /home2/pnc2/repos_python/kinematic_flow/logs/flow_dmd_head_lr
│         filename: epoch_last.ckpt                                             
│         save_weights_only: false                                              
│         upload_to_wandb: true                                                 
│         artifact_name: null                                                   
│       model_summary:                                                          
│         _target_: lightning.pytorch.callbacks.RichModelSummary                
│         max_depth: -1                                                         
│       learning_rate_monitor:                                                  
│         _target_: lightning.pytorch.callbacks.LearningRateMonitor             
│         logging_interval: epoch                                               
│       wandb_runtime_metrics:                                                  
│         _target_: src.utils.wandb_runtime_callback.WandbRuntimeMetricsCallback
│         log_every_n_steps: 20                                                 
│                                                                               
├── logger
│   └── wandb:                                                                  
│         _target_: lightning.pytorch.loggers.wandb.WandbLogger                 
│         name: flow_dmd_head_lr1e6_fk1e5_c3w200_a4s4_0602_2122                 
│         save_dir: /home2/pnc2/repos_python/kinematic_flow/logs/flow_dmd_head_l
│         offline: false                                                        
│         id: null                                                              
│         anonymous: null                                                       
│         project: SMART-FLOW                                                   
│         log_model: all                                                        
│         prefix: ''                                                            
│         entity: jksg01019-naver-labs                                          
│         group: ''                                                             
│         tags: []                                                              
│         job_type: ''                                                          
│         resume: allow                                                         
│                                                                               
├── trainer
│   └── _target_: lightning.pytorch.trainer.Trainer                             
│       default_root_dir: /home2/pnc2/repos_python/kinematic_flow/logs/flow_dmd_
│       limit_train_batches: 1.0                                                
│       limit_val_batches: 0.1                                                  
│       limit_test_batches: 1.0                                                 
│       max_epochs: 16                                                          
│       accelerator: gpu                                                        
│       devices: 2                                                              
│       precision: bf16-mixed                                                   
│       check_val_every_n_epoch: null                                           
│       deterministic: false                                                    
│       gradient_clip_val: null                                                 
│       num_sanity_val_steps: 0                                                 
│       accumulate_grad_batches: 1                                              
│       log_every_n_steps: 1                                                    
│       strategy: ddp_find_unused_parameters_true                               
│       val_check_interval: 400                                                 
│       sync_batchnorm: false                                                   
│                                                                               
├── paths
│   └── root_dir: /home2/pnc2/repos_python/kinematic_flow                       
│       log_dir: /home2/pnc2/repos_python/kinematic_flow/logs/                  
│       output_dir: /home2/pnc2/repos_python/kinematic_flow/logs/flow_dmd_head_l
│       cache_root: /home2/pnc2/repos_python/datasets/catk_cache                
│                                                                               
├── action
│   └── finetune                                                                
├── task_name
│   └── flow_dmd_head_lr1e6_fk1e5_c3w200_a4s4_0602_2122                         
├── ckpt_path
│   └── logs/pretrained/pretrained.ckpt                                         
├── train_log_dir
│   └── None                                                                    
├── submission
│   └── description: null                                                       
│                                                                               
├── seed
│   └── 817                                                                     
└── waymo_submission
    └── enabled: false                                                          
        submit_validate: true                                                   
        submit_test: false                                                      
        evaluation_set: null                                                    
        challenge_url: https://waymo.com/open/challenges/2025/sim-agents/       
        submissions_url: https://waymo.com/open/challenges/submissions/         
        storage_state_path: /home2/pnc2/repos_python/kinematic_flow/secrets/waym
        archive_path: null                                                      
        browser_name: chromium                                                  
        browser_channel: null                                                   
        browser_executable_path: null                                           
        headless: true                                                          
        chromium_sandbox: false                                                 
        navigation_timeout_ms: 120000                                           
        upload_timeout_ms: 120000                                               
        post_submit_wait_ms: 5000                                               
        poll_submission_status: false                                           
        poll_timeout_seconds: 0                                                 
        poll_interval_seconds: 60                                               
        save_debug_artifacts: true                                              
                                                                                
[rank: 0] Seed set to 817
[rank: 1] Seed set to 817
[[36m2026-06-02 21:22:47,134[0m][[34m__main__[0m][[32mINFO[0m] - [rank: 0] Instantiating datamodule <src.smart.datamodules.MultiDataModule>[0m
[[36m2026-06-02 21:23:06,068[0m][[34m__main__[0m][[32mINFO[0m] - [rank: 0] Instantiating model <src.smart.model.smart_flow.SMARTFlow>[0m
[[36m2026-06-02 21:23:08,294[0m][[34msrc.smart.utils.finetune[0m][[33mWARNING[0m] - [rank: 0] Pretraining mode: residual_velocity_head not found; skipping freeze.[0m
[[36m2026-06-02 21:23:08,841[0m][[34m__main__[0m][[32mINFO[0m] - [rank: 0] Configured checkpoint monitor: monitor=val_closed/sim_agents_2025/realism_meta_metric, mode=max[0m
[[36m2026-06-02 21:23:08,842[0m][[34m__main__[0m][[32mINFO[0m] - [rank: 0] Instantiating callbacks...[0m
[[36m2026-06-02 21:23:08,842[0m][[34msrc.utils.instantiators[0m][[32mINFO[0m] - [rank: 0] Instantiating callback <lightning.pytorch.callbacks.ModelCheckpoint>[0m
[[36m2026-06-02 21:23:08,844[0m][[34msrc.utils.instantiators[0m][[32mINFO[0m] - [rank: 0] Instantiating callback <src.utils.epoch_last_checkpoint.EpochLastCheckpointCallback>[0m
[[36m2026-06-02 21:23:08,846[0m][[34msrc.utils.instantiators[0m][[32mINFO[0m] - [rank: 0] Instantiating callback <lightning.pytorch.callbacks.RichModelSummary>[0m
[[36m2026-06-02 21:23:08,846[0m][[34msrc.utils.instantiators[0m][[32mINFO[0m] - [rank: 0] Instantiating callback <lightning.pytorch.callbacks.LearningRateMonitor>[0m
[[36m2026-06-02 21:23:08,847[0m][[34msrc.utils.instantiators[0m][[32mINFO[0m] - [rank: 0] Instantiating callback <src.utils.wandb_runtime_callback.WandbRuntimeMetricsCallback>[0m
[[36m2026-06-02 21:23:08,847[0m][[34m__main__[0m][[32mINFO[0m] - [rank: 0] Instantiating loggers...[0m
[[36m2026-06-02 21:23:08,848[0m][[34msrc.utils.instantiators[0m][[32mINFO[0m] - [rank: 0] Instantiating logger <lightning.pytorch.loggers.wandb.WandbLogger>[0m
[[36m2026-06-02 21:23:08,850[0m][[34m__main__[0m][[32mINFO[0m] - [rank: 0] Instantiating trainer <lightning.pytorch.trainer.Trainer>[0m
Using bfloat16 Automatic Mixed Precision (AMP)
Trainer already configured with model summary callbacks: [<class 'lightning.pytorch.callbacks.rich_model_summary.RichModelSummary'>]. Skipping setting a default `ModelSummary` callback.
GPU available: True (cuda), used: True
TPU available: False, using: 0 TPU cores
HPU available: False, using: 0 HPUs
`Trainer(limit_train_batches=1.0)` was configured so 100% of the batches per epoch will be used..
`Trainer(limit_test_batches=1.0)` was configured so 100% of the batches will be used..
[[36m2026-06-02 21:23:08,861[0m][[34m__main__[0m][[32mINFO[0m] - [rank: 0] Logging hyperparameters![0m
wandb: WARNING The anonymous setting has no effect and will be removed in a future version.
wandb: [wandb.login()] Loaded credentials for https://api.wandb.ai from /home2/pnc2/.netrc.
/home2/pnc2/repos_python/kinematic_flow/src/run.py:64: FutureWarning: You are using `torch.load` with `weights_only=False` (the current default value), which uses the default pickle module implicitly. It is possible to construct malicious pickle data which will execute arbitrary code during unpickling (See https://github.com/pytorch/pytorch/blob/main/SECURITY.md#untrusted-models for more details). In a future release, the default value for `weights_only` will be flipped to `True`. This limits the functions that could be executed during unpickling. Arbitrary objects will no longer be allowed to be loaded via this mode unless they are explicitly allowlisted by the user via `torch.serialization.add_safe_globals`. We recommend you start setting `weights_only=True` for any use case where you don't have full control of the loaded file. Please open an issue on GitHub for any issues related to this experimental feature.
  checkpoint = torch.load(ckpt_path, map_location="cpu")
wandb: Currently logged in as: se99an to https://api.wandb.ai. Use `wandb login --relogin` to force relogin
wandb: setting up run c8o0443j
[[36m2026-06-02 21:23:15,626[0m][[34m__main__[0m][[32mINFO[0m] - [rank: 0] Closing wandb![0m
Error executing job with overrides: ['experiment=flow_dmd', 'action=finetune', 'ckpt_path=logs/pretrained/pretrained.ckpt', 'task_name=flow_dmd_head_lr1e6_fk1e5_c3w200_a4s4_0602_2122', 'paths.cache_root=/home2/pnc2/repos_python/datasets/catk_cache', 'trainer.devices=2', 'trainer.strategy=ddp_find_unused_parameters_true']
wandb: ERROR Error uploading run: returned error 403: {"data":{"upsertBucket":null},"errors":[{"message":"permission denied","path":["upsertBucket"],"extensions":{"code":"PERMISSION_ERROR"}}]}
Traceback (most recent call last):
  File "<frozen runpy>", line 198, in _run_module_as_main
  File "<frozen runpy>", line 88, in _run_code
  File "/home2/pnc2/repos_python/kinematic_flow/src/run.py", line 374, in <module>
    main()
  File "/home2/pnc2/miniforge3/envs/catk/lib/python3.11/site-packages/hydra/main.py", line 94, in decorated_main
    _run_hydra(
  File "/home2/pnc2/miniforge3/envs/catk/lib/python3.11/site-packages/hydra/_internal/utils.py", line 394, in _run_hydra
    _run_app(
  File "/home2/pnc2/miniforge3/envs/catk/lib/python3.11/site-packages/hydra/_internal/utils.py", line 457, in _run_app
    run_and_report(
  File "/home2/pnc2/miniforge3/envs/catk/lib/python3.11/site-packages/hydra/_internal/utils.py", line 223, in run_and_report
    raise ex
  File "/home2/pnc2/miniforge3/envs/catk/lib/python3.11/site-packages/hydra/_internal/utils.py", line 220, in run_and_report
    return func()
           ^^^^^^
  File "/home2/pnc2/miniforge3/envs/catk/lib/python3.11/site-packages/hydra/_internal/utils.py", line 458, in <lambda>
    lambda: hydra.run(
            ^^^^^^^^^^
  File "/home2/pnc2/miniforge3/envs/catk/lib/python3.11/site-packages/hydra/_internal/hydra.py", line 132, in run
    _ = ret.return_value
        ^^^^^^^^^^^^^^^^
  File "/home2/pnc2/miniforge3/envs/catk/lib/python3.11/site-packages/hydra/core/utils.py", line 260, in return_value
    raise self._return_value
  File "/home2/pnc2/miniforge3/envs/catk/lib/python3.11/site-packages/hydra/core/utils.py", line 186, in run_job
    ret.return_value = task_function(task_cfg)
                       ^^^^^^^^^^^^^^^^^^^^^^^
  File "/home2/pnc2/repos_python/kinematic_flow/src/run.py", line 364, in main
    run(cfg)  # train/val/test the model
    ^^^^^^^^
  File "/home2/pnc2/repos_python/kinematic_flow/src/run.py", line 308, in run
    log_hyperparameters(
  File "/home2/pnc2/miniforge3/envs/catk/lib/python3.11/site-packages/lightning_utilities/core/rank_zero.py", line 42, in wrapped_fn
    return fn(*args, **kwargs)
           ^^^^^^^^^^^^^^^^^^^
  File "/home2/pnc2/repos_python/kinematic_flow/src/utils/logging_utils.py", line 70, in log_hyperparameters
    logger.log_hyperparams(hparams)
  File "/home2/pnc2/miniforge3/envs/catk/lib/python3.11/site-packages/lightning_utilities/core/rank_zero.py", line 42, in wrapped_fn
    return fn(*args, **kwargs)
           ^^^^^^^^^^^^^^^^^^^
  File "/home2/pnc2/miniforge3/envs/catk/lib/python3.11/site-packages/lightning/pytorch/loggers/wandb.py", line 428, in log_hyperparams
    self.experiment.config.update(params, allow_val_change=True)
    ^^^^^^^^^^^^^^^
  File "/home2/pnc2/miniforge3/envs/catk/lib/python3.11/site-packages/lightning/fabric/loggers/logger.py", line 118, in experiment
    return fn(self)
           ^^^^^^^^
  File "/home2/pnc2/miniforge3/envs/catk/lib/python3.11/site-packages/lightning/pytorch/loggers/wandb.py", line 406, in experiment
    self._experiment = wandb.init(**self._wandb_init)
                       ^^^^^^^^^^^^^^^^^^^^^^^^^^^^^^
  File "/home2/pnc2/miniforge3/envs/catk/lib/python3.11/site-packages/wandb/sdk/wandb_init.py", line 1595, in init
    get_sentry().reraise(e)
  File "/home2/pnc2/miniforge3/envs/catk/lib/python3.11/site-packages/wandb/analytics/sentry.py", line 190, in reraise
    raise exc.with_traceback(tb)
  File "/home2/pnc2/miniforge3/envs/catk/lib/python3.11/site-packages/wandb/sdk/wandb_init.py", line 1578, in init
    run = wi.init(run_settings, run_config, run_printer)
          ^^^^^^^^^^^^^^^^^^^^^^^^^^^^^^^^^^^^^^^^^^^^^^
  File "/home2/pnc2/miniforge3/envs/catk/lib/python3.11/site-packages/wandb/sdk/wandb_init.py", line 1031, in init
    raise error
wandb.errors.errors.CommError: Error uploading run: returned error 403: {"data":{"upsertBucket":null},"errors":[{"message":"permission denied","path":["upsertBucket"],"extensions":{"code":"PERMISSION_ERROR"}}]}
[1;34mwandb[0m: 
[1;34mwandb[0m: Find logs at: [1;35mlogs/flow_dmd_head_lr1e6_fk1e5_c3w200_a4s4_0602_2122/runs/2026-06-02_21-22-44/wandb/run-20260602_212309-c8o0443j/logs[0m
W0602 21:23:17.758000 140020011542336 torch/distributed/elastic/multiprocessing/api.py:858] Sending process 941927 closing signal SIGTERM
E0602 21:23:23.982000 140020011542336 torch/distributed/elastic/multiprocessing/api.py:833] failed (exitcode: 1) local_rank: 0 (pid: 941926) of binary: /home2/pnc2/miniforge3/envs/catk/bin/python3.11
Traceback (most recent call last):
  File "/home2/pnc2/miniforge3/envs/catk/bin/torchrun", line 6, in <module>
    sys.exit(main())
             ^^^^^^
  File "/home2/pnc2/miniforge3/envs/catk/lib/python3.11/site-packages/torch/distributed/elastic/multiprocessing/errors/__init__.py", line 348, in wrapper
    return f(*args, **kwargs)
           ^^^^^^^^^^^^^^^^^^
  File "/home2/pnc2/miniforge3/envs/catk/lib/python3.11/site-packages/torch/distributed/run.py", line 901, in main
    run(args)
  File "/home2/pnc2/miniforge3/envs/catk/lib/python3.11/site-packages/torch/distributed/run.py", line 892, in run
    elastic_launch(
  File "/home2/pnc2/miniforge3/envs/catk/lib/python3.11/site-packages/torch/distributed/launcher/api.py", line 133, in __call__
    return launch_agent(self._config, self._entrypoint, list(args))
           ^^^^^^^^^^^^^^^^^^^^^^^^^^^^^^^^^^^^^^^^^^^^^^^^^^^^^^^^
  File "/home2/pnc2/miniforge3/envs/catk/lib/python3.11/site-packages/torch/distributed/launcher/api.py", line 264, in launch_agent
    raise ChildFailedError(
torch.distributed.elastic.multiprocessing.errors.ChildFailedError: 
============================================================
src.run FAILED
------------------------------------------------------------
Failures:
  <NO_OTHER_FAILURES>
------------------------------------------------------------
Root Cause (first observed failure):
[0]:
  time      : 2026-06-02_21:23:17
  host      : ad-labs-intern-3
  rank      : 0 (local_rank: 0)
  exitcode  : 1 (pid: 941926)
  error_file: <N/A>
  traceback : To enable traceback see: https://pytorch.org/docs/stable/elastic/errors.html
============================================================
