I0605 15:31:46.493000 140183518656320 torch/distributed/launcher/api.py:189] Starting elastic_operator with launch configs:
I0605 15:31:46.493000 140183518656320 torch/distributed/launcher/api.py:189]   entrypoint       : src.run
I0605 15:31:46.493000 140183518656320 torch/distributed/launcher/api.py:189]   min_nodes        : 1
I0605 15:31:46.493000 140183518656320 torch/distributed/launcher/api.py:189]   max_nodes        : 1
I0605 15:31:46.493000 140183518656320 torch/distributed/launcher/api.py:189]   nproc_per_node   : 2
I0605 15:31:46.493000 140183518656320 torch/distributed/launcher/api.py:189]   run_id           : none
I0605 15:31:46.493000 140183518656320 torch/distributed/launcher/api.py:189]   rdzv_backend     : static
I0605 15:31:46.493000 140183518656320 torch/distributed/launcher/api.py:189]   rdzv_endpoint    : 127.0.0.1:49083
I0605 15:31:46.493000 140183518656320 torch/distributed/launcher/api.py:189]   rdzv_configs     : {'rank': 0, 'timeout': 900}
I0605 15:31:46.493000 140183518656320 torch/distributed/launcher/api.py:189]   max_restarts     : 0
I0605 15:31:46.493000 140183518656320 torch/distributed/launcher/api.py:189]   monitor_interval : 0.1
I0605 15:31:46.493000 140183518656320 torch/distributed/launcher/api.py:189]   log_dir          : /tmp/torchelastic_qcs1qjmo
I0605 15:31:46.493000 140183518656320 torch/distributed/launcher/api.py:189]   metrics_cfg      : {}
I0605 15:31:46.493000 140183518656320 torch/distributed/launcher/api.py:189] 
I0605 15:31:46.493000 140183518656320 torch/distributed/elastic/agent/server/api.py:825] [default] starting workers for entrypoint: python3.11
I0605 15:31:46.493000 140183518656320 torch/distributed/elastic/agent/server/api.py:646] [default] Rendezvous'ing worker group
[W605 15:31:46.218121612 socket.cpp:697] [c10d] The client socket cannot be initialized to connect to [localhost]:49083 (errno: 97 - Address family not supported by protocol).
I0605 15:31:46.502000 140183518656320 torch/distributed/elastic/agent/server/api.py:512] [default] Rendezvous complete for workers. Result:
I0605 15:31:46.502000 140183518656320 torch/distributed/elastic/agent/server/api.py:512]   restart_count=0
I0605 15:31:46.502000 140183518656320 torch/distributed/elastic/agent/server/api.py:512]   master_addr=127.0.0.1
I0605 15:31:46.502000 140183518656320 torch/distributed/elastic/agent/server/api.py:512]   master_port=49083
I0605 15:31:46.502000 140183518656320 torch/distributed/elastic/agent/server/api.py:512]   group_rank=0
I0605 15:31:46.502000 140183518656320 torch/distributed/elastic/agent/server/api.py:512]   group_world_size=1
I0605 15:31:46.502000 140183518656320 torch/distributed/elastic/agent/server/api.py:512]   local_ranks=[0, 1]
I0605 15:31:46.502000 140183518656320 torch/distributed/elastic/agent/server/api.py:512]   role_ranks=[0, 1]
I0605 15:31:46.502000 140183518656320 torch/distributed/elastic/agent/server/api.py:512]   global_ranks=[0, 1]
I0605 15:31:46.502000 140183518656320 torch/distributed/elastic/agent/server/api.py:512]   role_world_sizes=[2, 2]
I0605 15:31:46.502000 140183518656320 torch/distributed/elastic/agent/server/api.py:512]   global_world_sizes=[2, 2]
I0605 15:31:46.502000 140183518656320 torch/distributed/elastic/agent/server/api.py:512] 
I0605 15:31:46.503000 140183518656320 torch/distributed/elastic/agent/server/api.py:654] [default] Starting worker group
I0605 15:31:46.503000 140183518656320 torch/distributed/elastic/agent/server/local_elastic_agent.py:185] Environment variable 'TORCHELASTIC_ENABLE_FILE_TIMER' not found. Do not start FileTimerServer.
I0605 15:31:46.503000 140183518656320 torch/distributed/elastic/agent/server/local_elastic_agent.py:217] Environment variable 'TORCHELASTIC_HEALTH_CHECK_PORT' not found. Do not start health check.
[2026-06-05 15:31:50,448][__main__][INFO] - [rank: 0] Printing config tree with Rich! <cfg.extras.print_config=True>
[2026-06-05 15:31:50,448][src.utils.rich_utils][WARNING] - [rank: 0] Field 'extras' not found in config. Skipping 'extras' config printing...
[rank: 1] Seed set to 817
CONFIG
├── data
│   └── _target_: src.smart.datamodules.MultiDataModule                         
│       train_batch_size: 1                                                     
│       val_batch_size: 1                                                       
│       test_batch_size: 1                                                      
│       num_workers: 2                                                          
│       prefetch_factor: 1                                                      
│       shuffle: true                                                           
│       pin_memory: true                                                        
│       persistent_workers: true                                                
│       eval_num_workers: 2                                                     
│       eval_prefetch_factor: 1                                                 
│       eval_pin_memory: true                                                   
│       eval_persistent_workers: true                                           
│       eval_multiprocessing_context: spawn                                     
│       train_raw_dir: /home2/pnc2/repos_python/datasets/catk_cache/training    
│       val_raw_dir: /home2/pnc2/repos_python/datasets/catk_cache/validation    
│       val_tfrecords_splitted: /home2/pnc2/repos_python/datasets/catk_cache/val
│       test_raw_dir: /home2/pnc2/repos_python/datasets/catk_cache/testing      
│       train_max_num: 32                                                       
│       train_use_eval_agent_selection: true                                    
│       train_epoch_sample_fraction: 1.0                                        
│       train_memory_balanced_batches: false                                    
│       train_memory_balance_metadata_cache: null                               
│       train_memory_balance_metadata_num_workers: 8                            
│       train_memory_balance_build_on_missing: true                             
│       train_memory_balance_agent_weight: 1.0                                  
│       train_memory_balance_current_valid_agent_weight: 1.0                    
│       train_memory_balance_valid_agent_step_weight: 0.0                       
│       train_memory_balance_map_weight: 0.02                                   
│       train_memory_balance_seed: 0                                            
│                                                                               
├── model
│   └── _target_: src.smart.model.smart_flow.SMARTFlow                          
│       model_config:                                                           
│         lr: 1.0e-07                                                           
│         weight_decay: 0.0001                                                  
│         lr_warmup_steps: 0                                                    
│         lr_total_steps: 1                                                     
│         lr_min_ratio: 1.0                                                     
│         n_rollout_closed_val: 16                                              
│         wosac_cpd_reference: null                                             
│         wosac_distribution_type_scale:                                        
│         - 22.3461620418                                                       
│         - 4.5793447978                                                        
│         - 18.537438883                                                        
│         n_batch_sim_agents_metric: 100000                                     
│         scorer_scene_num: 440                                                 
│         sim_agents_metric_workers: 8                                          
│         n_vis_batch: 0                                                        
│         n_vis_scenario: 0                                                     
│         n_vis_rollout: 0                                                      
│         vis_ghost_gt: false                                                   
│         vis_flow_preview: true                                                
│         delete_local_videos_after_wandb_upload: false                         
│         val_open_loop: true                                                   
│         val_closed_loop: true                                                 
│         validation_open_seed: 0                                               
│         validation_closed_seed: 0                                             
│         validation_fixed_flow_noise: true                                     
│         token_processor:                                                      
│           map_token_file: map_traj_token5.pkl                                 
│           agent_token_file: agent_vocab_555_s2.pkl                            
│           flow_window_steps: 20                                               
│           use_prefix_valid_future_loss_mask: true                             
│           use_kinematic_control_flow: true                                    
│           use_holonomic_model_only: false                                     
│           use_rolling_supervision: true                                       
│           control_pos_scale_m: 1.0                                            
│           control_vehicle_no_slip_point_ratio: 0.2289518863                   
│           control_cyclist_no_slip_point_ratio: 0.0495847873                   
│           control_vehicle_yaw_scale_rad: 0.025                                
│           control_pedestrian_yaw_scale_rad: 0.2                               
│           control_cyclist_yaw_scale_rad: 0.06                                 
│           control_round_trip_max_position_error_m: 0.5                        
│         validation_rollout_sampling:                                          
│           sample_steps: 16                                                    
│           sample_method: euler                                                
│           noise_scale: 1.0                                                    
│         self_forced:                                                          
│           enabled: false                                                      
│           start_epoch: 0                                                      
│           weight: 1.0                                                         
│           path_step_size: 0.05                                                
│           anchor_weight: 0.05                                                 
│           use_anchor_flow_matching_loss: false                                
│           distribution_matching_objective: dmd                                
│           sid_alpha: 1.0                                                      
│           sid_normalizer_eps: 0.001                                           
│           detach_block_transition: false                                      
│           use_stop_motion: false                                              
│           estimator_updates_per_step: 5                                       
│           adam_beta1: 0.9                                                     
│           adam_beta2: 0.999                                                   
│           adam_eps: 1.0e-08                                                   
│           estimator_warmup_epochs: 1                                          
│           initialize_aux_from_generator_on_fit_start: true                    
│           unfrozen_range: except_map_encoder                                  
│           ema_weight: 0.99                                                    
│           ema_start_step: 50                                                  
│           gradient_clip_val: 1.0                                              
│           sampling:                                                           
│             sample_steps: 16                                                  
│             sample_method: euler                                              
│             noise_scale: 1.0                                                  
│             random_terminal_step:                                             
│               enabled: true                                                   
│               scope: global_batch                                             
│               policy: paper_uniform                                           
│               min_executed_steps: 16                                          
│         decoder:                                                              
│           hidden_dim: 128                                                     
│           num_freq_bands: 64                                                  
│           num_heads: 8                                                        
│           head_dim: 15                                                        
│           dropout: 0.1                                                        
│           hist_drop_prob: 0.1                                                 
│           num_map_layers: 3                                                   
│           num_agent_layers: 6                                                 
│           pl2pl_radius: 10                                                    
│           pl2a_radius: 30                                                     
│           a2a_radius: 60                                                      
│           time_span: 30                                                       
│           num_historical_steps: 11                                            
│           num_future_steps: 80                                                
│           flow_window_steps: 20                                               
│           flow_dim: 96                                                        
│           flow_num_chunk_heads: 4                                             
│           flow_num_chunk_layers: 2                                            
│           flow_solver_steps: 32                                               
│           flow_solver_method: euler                                           
│           flow_solver_eps: 0.001                                              
│           detach_train_metric_clean: false                                    
│           use_kinematic_control_flow: true                                    
│           use_holonomic_model_only: false                                     
│           use_rolling_supervision: true                                       
│           control_pos_scale_m: 1.0                                            
│           control_vehicle_no_slip_point_ratio: 0.2289518863                   
│           control_cyclist_no_slip_point_ratio: 0.0495847873                   
│           control_vehicle_yaw_scale_rad: 0.025                                
│           control_pedestrian_yaw_scale_rad: 0.2                               
│           control_cyclist_yaw_scale_rad: 0.06                                 
│           closed_loop_rollout_mode: raw_fm                                    
│           use_lqr: false                                                      
│           use_stop_motion: false                                              
│           lqr_commit:                                                         
│             dt: 0.1                                                           
│             history_steps: 6                                                  
│             horizon_steps: 10                                                 
│             velocity_smooth_lambda: 0.0001                                    
│             curvature_smooth_lambda: 0.01                                     
│             curvature_init_reg: 1.0e-10                                       
│             stop_speed_mps: 0.2                                               
│             stop_speed_kp: 0.5                                                
│             longitudinal_q: 10.0                                              
│             longitudinal_r: 0.0                                               
│             lateral_q_lat: 1.0                                                
│             lateral_q_head: 10.0                                              
│             lateral_q_kappa: 0.0                                              
│             lateral_r: 0.0                                                    
│             accel_tau_s: 0.0                                                  
│             curvature_tau_s: 0.0                                              
│             min_speed_for_curvature_clip_mps: 0.5                             
│         sim_agents_submission:                                                
│           is_active: false                                                    
│           method_name: SMART-flow-7M                                          
│           authors:                                                            
│           - Seulbin Hwang                                                     
│           - Kiyoung Om                                                        
│           affiliation: NaverLabs                                              
│           description: Flow-based generative model for simulating realistic ag
│           method_link: not available yet                                      
│           account_name: h.sb@naverlabs.com                                    
│         finetune:                                                             
│           enabled: true                                                       
│           train_except_map_encoder: true                                      
│           train_full_flow_decoder_only: false                                 
│           mode: ocsc_ft                                                       
│           velocity_head_only: false                                           
│           ocsc_n_rollouts: 1                                                  
│           ocsc_n_ol_rollouts: -1                                              
│           ocsc_ol_nearest_match: true                                         
│           ocsc_loss_type: l2                                                  
│           ocsc_gt_target: true                                                
│           ocsc_use_pretrained_ref: true                                       
│           ocsc_anchor_idx: 0                                                  
│           ocsc_match_space: pose                                              
│           ocsc_match_frame: global                                            
│           ocsc_loss_window_steps: -1                                          
│           ocsc_loss_temporal_stride: 1                                        
│           ocsc_strict_active_mask: true                                       
│           ocsc_position_weight: 1.0                                           
│           ocsc_heading_weight: 0.01                                           
│           flow_velocity_head_only: false                                      
│           road_sample_k: 64                                                   
│           road_n_rollouts: 1                                                  
│           road_pred_max_steps: 16                                             
│           road_temperature: 0.8                                               
│           road_position_weight: 1.0                                           
│           road_heading_weight: 0.1                                            
│           road_comparison_horizon: 20                                         
│           road_strict_active_mask: true                                       
│           road_eval_hard_rmm: false                                           
│           road_eval_hard_rmm_interval: 10                                     
│           flow_ft_target: except_map_encoder                                  
│           gradient_clip_val: 0.0                                              
│           ocsc_use_mmd: false                                                 
│           ocsc_pwil_coupling: hungarian                                       
│           ocsc_pwil_use_exp_reward: true                                      
│           ocsc_pwil_alpha: 1.0                                                
│           ocsc_pwil_beta: 5.0                                                 
│           ocsc_target_max_steps: 4                                            
│           ocsc_pred_max_steps: 4                                              
│           ocsc_rel_disp_weight: 0.0                                           
│           ocsc_eval_hard_rmm: false                                           
│           ocsc_eval_hard_rmm_interval: 1                                      
│           ocsc_fm_reg_lambda: 0.0                                             
│           ocsc_gt_resolution: 2hz                                             
│           ocsc_ol_resolution: 10hz                                            
│           ocsc_nearest_include_gt: false                                      
│           ocsc_ref_refresh_mode: frozen                                       
│           ocsc_ref_refresh_interval: 0                                        
│           ocsc_ref_ema_decay: 0.999                                           
│                                                                               
├── callbacks
│   └── model_summary:                                                          
│         _target_: lightning.pytorch.callbacks.RichModelSummary                
│         max_depth: -1                                                         
│       learning_rate_monitor:                                                  
│         _target_: lightning.pytorch.callbacks.LearningRateMonitor             
│         logging_interval: epoch                                               
│       wandb_runtime_metrics:                                                  
│         _target_: src.utils.wandb_runtime_callback.WandbRuntimeMetricsCallback
│         log_every_n_steps: 20                                                 
│                                                                               
├── logger
│   └── wandb:                                                                  
│         _target_: lightning.pytorch.loggers.wandb.WandbLogger                 
│         name: ocsc_main_lr1e-7_G1_global_gttrue_except_map_encoder_b1x2_st1_06
│         save_dir: /home2/pnc2/repos_python/kinematic_flow/logs/ocsc_main_lr1e-
│         offline: false                                                        
│         id: null                                                              
│         anonymous: null                                                       
│         project: clsft-catk                                                   
│         log_model: false                                                      
│         prefix: ''                                                            
│         entity: se99an                                                        
│         group: ''                                                             
│         tags:                                                                 
│         - ocsc_main                                                           
│         job_type: ocsc_main                                                   
│         resume: allow                                                         
│                                                                               
├── trainer
│   └── _target_: lightning.pytorch.trainer.Trainer                             
│       default_root_dir: /home2/pnc2/repos_python/kinematic_flow/logs/ocsc_main
│       limit_train_batches: 1                                                  
│       limit_val_batches: null                                                 
│       limit_test_batches: 1.0                                                 
│       max_epochs: 1                                                           
│       accelerator: gpu                                                        
│       devices: 2                                                              
│       precision: 32-true                                                      
│       check_val_every_n_epoch: null                                           
│       deterministic: false                                                    
│       gradient_clip_val: 1.0                                                  
│       num_sanity_val_steps: 0                                                 
│       accumulate_grad_batches: 1                                              
│       log_every_n_steps: 1                                                    
│       strategy: ddp                                                           
│       num_nodes: 1                                                            
│       sync_batchnorm: false                                                   
│       val_check_interval: 200                                                 
│                                                                               
├── paths
│   └── root_dir: /home2/pnc2/repos_python/kinematic_flow                       
│       log_dir: /home2/pnc2/repos_python/kinematic_flow/logs/                  
│       output_dir: /home2/pnc2/repos_python/kinematic_flow/logs/ocsc_main_lr1e-
│       cache_root: /home2/pnc2/repos_python/datasets/catk_cache                
│                                                                               
├── action
│   └── finetune                                                                
├── task_name
│   └── ocsc_main_lr1e-7_G1_global_gttrue_except_map_encoder_b1x2_st1_0605_15314
├── ckpt_path
│   └── logs/pretrained/pretrained.ckpt                                         
├── train_log_dir
│   └── None                                                                    
├── submission
│   └── description: null                                                       
│                                                                               
├── seed
│   └── 817                                                                     
└── waymo_submission
    └── enabled: false                                                          
        submit_validate: true                                                   
        submit_test: false                                                      
        evaluation_set: null                                                    
        challenge_url: https://waymo.com/open/challenges/2025/sim-agents/       
        submissions_url: https://waymo.com/open/challenges/submissions/         
        storage_state_path: /home2/pnc2/repos_python/kinematic_flow/secrets/waym
        archive_path: null                                                      
        browser_name: chromium                                                  
        browser_channel: null                                                   
        browser_executable_path: null                                           
        headless: true                                                          
        chromium_sandbox: false                                                 
        navigation_timeout_ms: 120000                                           
        upload_timeout_ms: 120000                                               
        post_submit_wait_ms: 5000                                               
        poll_submission_status: false                                           
        poll_timeout_seconds: 0                                                 
        poll_interval_seconds: 60                                               
        save_debug_artifacts: true                                              
                                                                                
[rank: 0] Seed set to 817
[2026-06-05 15:31:57,128][__main__][INFO] - [rank: 0] Instantiating datamodule <src.smart.datamodules.MultiDataModule>
[2026-06-05 15:32:21,723][__main__][INFO] - [rank: 0] Instantiating model <src.smart.model.smart_flow.SMARTFlow>
[2026-06-05 15:32:24,096][src.smart.utils.finetune][INFO] - [rank: 0] Finetuning mode: all non-map parameters trainable (6,126,323 params); map_encoder frozen.
[2026-06-05 15:32:24,110][__main__][INFO] - [rank: 0] Instantiating callbacks...
[2026-06-05 15:32:24,110][src.utils.instantiators][INFO] - [rank: 0] Instantiating callback <lightning.pytorch.callbacks.RichModelSummary>
[2026-06-05 15:32:24,111][src.utils.instantiators][INFO] - [rank: 0] Instantiating callback <lightning.pytorch.callbacks.LearningRateMonitor>
[2026-06-05 15:32:24,111][src.utils.instantiators][INFO] - [rank: 0] Instantiating callback <src.utils.wandb_runtime_callback.WandbRuntimeMetricsCallback>
[2026-06-05 15:32:24,112][__main__][INFO] - [rank: 0] Instantiating loggers...
[2026-06-05 15:32:24,112][src.utils.instantiators][INFO] - [rank: 0] Instantiating logger <lightning.pytorch.loggers.wandb.WandbLogger>
[2026-06-05 15:32:24,115][__main__][INFO] - [rank: 0] Instantiating trainer <lightning.pytorch.trainer.Trainer>
Trainer already configured with model summary callbacks: [<class 'lightning.pytorch.callbacks.rich_model_summary.RichModelSummary'>]. Skipping setting a default `ModelSummary` callback.
GPU available: True (cuda), used: True
TPU available: False, using: 0 TPU cores
HPU available: False, using: 0 HPUs
`Trainer(limit_train_batches=1)` was configured so 1 batch per epoch will be used.
`Trainer(limit_test_batches=1.0)` was configured so 100% of the batches will be used..
[2026-06-05 15:32:24,127][__main__][INFO] - [rank: 0] Logging hyperparameters!
wandb: WARNING The anonymous setting has no effect and will be removed in a future version.
wandb: [wandb.login()] Loaded credentials for https://api.wandb.ai from /home2/pnc2/.netrc.
/home2/pnc2/repos_python/kinematic_flow/src/run.py:64: FutureWarning: You are using `torch.load` with `weights_only=False` (the current default value), which uses the default pickle module implicitly. It is possible to construct malicious pickle data which will execute arbitrary code during unpickling (See https://github.com/pytorch/pytorch/blob/main/SECURITY.md#untrusted-models for more details). In a future release, the default value for `weights_only` will be flipped to `True`. This limits the functions that could be executed during unpickling. Arbitrary objects will no longer be allowed to be loaded via this mode unless they are explicitly allowlisted by the user via `torch.serialization.add_safe_globals`. We recommend you start setting `weights_only=True` for any use case where you don't have full control of the loaded file. Please open an issue on GitHub for any issues related to this experimental feature.
  checkpoint = torch.load(ckpt_path, map_location="cpu")
wandb: Currently logged in as: se99an to https://api.wandb.ai. Use `wandb login --relogin` to force relogin
wandb: setting up run adalq150
wandb: Tracking run with wandb version 0.25.1
wandb: Run data is saved locally in /home2/pnc2/repos_python/kinematic_flow/logs/ocsc_main_lr1e-7_G1_global_gttrue_except_map_encoder_b1x2_st1_0605_153144/runs/2026-06-05_15-31-50/wandb/run-20260605_153224-adalq150
wandb: Run `wandb offline` to turn off syncing.
wandb: Syncing run ocsc_main_lr1e-7_G1_global_gttrue_except_map_encoder_b1x2_st1_0605_153144
wandb: ⭐️ View project at https://wandb.ai/se99an/clsft-catk
wandb: 🚀 View run at https://wandb.ai/se99an/clsft-catk/runs/adalq150
[2026-06-05 15:32:28,849][__main__][INFO] - [rank: 0] Resuming from ckpt: cfg.ckpt_path=logs/pretrained/pretrained.ckpt
/home2/pnc2/repos_python/kinematic_flow/src/run.py:64: FutureWarning: You are using `torch.load` with `weights_only=False` (the current default value), which uses the default pickle module implicitly. It is possible to construct malicious pickle data which will execute arbitrary code during unpickling (See https://github.com/pytorch/pytorch/blob/main/SECURITY.md#untrusted-models for more details). In a future release, the default value for `weights_only` will be flipped to `True`. This limits the functions that could be executed during unpickling. Arbitrary objects will no longer be allowed to be loaded via this mode unless they are explicitly allowlisted by the user via `torch.serialization.add_safe_globals`. We recommend you start setting `weights_only=True` for any use case where you don't have full control of the loaded file. Please open an issue on GitHub for any issues related to this experimental feature.
  checkpoint = torch.load(ckpt_path, map_location="cpu")
[2026-06-05 15:32:29,011][__main__][INFO] - [rank: 0] Starting finetuning!
[2026-06-05 15:32:29,031][__main__][WARNING] - [rank: 0] Ignoring non-trainable missing checkpoint key(s) during finetune load: ref_flow_decoder.context_projector.net.0.weight, ref_flow_decoder.context_projector.net.0.bias, ref_flow_decoder.context_projector.net.1.weight, ref_flow_decoder.context_projector.net.1.bias, ref_flow_decoder.context_projector.net.3.weight, ref_flow_decoder.context_projector.net.3.bias, ref_flow_decoder.noisy_future_encoder.step_proj.weight, ref_flow_decoder.noisy_future_encoder.step_proj.bias, ref_flow_decoder.noisy_future_encoder.step_embed.weight, ref_flow_decoder.noisy_future_encoder.tau_mlp.0.weight, ref_flow_decoder.noisy_future_encoder.tau_mlp.0.bias, ref_flow_decoder.noisy_future_encoder.tau_mlp.2.weight, ref_flow_decoder.noisy_future_encoder.tau_mlp.2.bias, ref_flow_decoder.noisy_future_encoder.chunk_pool.0.weight, ref_flow_decoder.noisy_future_encoder.chunk_pool.0.bias, ref_flow_decoder.noisy_future_encoder.chunk_pool.2.weight, ref_flow_decoder.noisy_future_encoder.chunk_pool.2.bias, ref_flow_decoder.chunk_mixers.0.attn_norm.weight, ref_flow_decoder.chunk_mixers.0.attn_norm.bias, ref_flow_decoder.chunk_mixers.0.attn.in_proj_weight, ... (+49 more)
Initializing distributed: GLOBAL_RANK: 0, MEMBER: 1/2
[W605 15:32:31.442743087 socket.cpp:697] [c10d] The client socket cannot be initialized to connect to [localhost]:49083 (errno: 97 - Address family not supported by protocol).
[W605 15:32:31.443455836 CUDAAllocatorConfig.h:28] Warning: expandable_segments not supported on this platform (function operator())
----------------------------------------------------------------------------------------------------
distributed_backend=nccl
All distributed processes registered. Starting with 2 processes
----------------------------------------------------------------------------------------------------

Initializing distributed: GLOBAL_RANK: 1, MEMBER: 2/2
[W605 15:32:34.639169756 socket.cpp:697] [c10d] The client socket cannot be initialized to connect to [localhost]:49083 (errno: 97 - Address family not supported by protocol).
[W605 15:32:34.640277151 CUDAAllocatorConfig.h:28] Warning: expandable_segments not supported on this platform (function operator())
W0605 15:33:09.399000 140183518656320 torch/distributed/elastic/agent/server/api.py:688] Received 15 death signal, shutting down workers
W0605 15:33:09.401000 140183518656320 torch/distributed/elastic/multiprocessing/api.py:858] Sending process 3111779 closing signal SIGTERM
W0605 15:33:09.402000 140183518656320 torch/distributed/elastic/multiprocessing/api.py:858] Sending process 3111780 closing signal SIGTERM
