[[36m2026-06-04 09:23:52,704[0m][[34m__main__[0m][[32mINFO[0m] - [rank: 0] Printing config tree with Rich! <cfg.extras.print_config=True>[0m
[[36m2026-06-04 09:23:52,705[0m][[34msrc.utils.rich_utils[0m][[33mWARNING[0m] - [rank: 0] Field 'extras' not found in config. Skipping 'extras' config printing...[0m
CONFIG
├── data
│   └── _target_: src.smart.datamodules.MultiDataModule                         
│       train_batch_size: 1                                                     
│       val_batch_size: 1                                                       
│       test_batch_size: 16                                                     
│       num_workers: 1                                                          
│       prefetch_factor: 1                                                      
│       shuffle: true                                                           
│       pin_memory: true                                                        
│       persistent_workers: true                                                
│       eval_num_workers: null                                                  
│       eval_prefetch_factor: null                                              
│       eval_pin_memory: null                                                   
│       eval_persistent_workers: null                                           
│       eval_multiprocessing_context: null                                      
│       train_raw_dir: /home2/pnc2/repos_python/datasets/catk_cache/_single_scen
│       val_raw_dir: /home2/pnc2/repos_python/datasets/catk_cache/_single_scene_
│       val_tfrecords_splitted: /home2/pnc2/repos_python/datasets/catk_cache/_si
│       test_raw_dir: /home2/pnc2/repos_python/datasets/catk_cache/testing      
│       train_max_num: 32                                                       
│       train_use_eval_agent_selection: true                                    
│       train_epoch_sample_fraction: 1.0                                        
│       train_memory_balanced_batches: false                                    
│       train_memory_balance_metadata_cache: null                               
│       train_memory_balance_metadata_num_workers: 8                            
│       train_memory_balance_build_on_missing: true                             
│       train_memory_balance_agent_weight: 1.0                                  
│       train_memory_balance_current_valid_agent_weight: 1.0                    
│       train_memory_balance_valid_agent_step_weight: 0.0                       
│       train_memory_balance_map_weight: 0.02                                   
│       train_memory_balance_seed: 0                                            
│                                                                               
├── model
│   └── _target_: src.smart.model.smart_flow.SMARTFlow                          
│       model_config:                                                           
│         lr: 1.0e-08                                                           
│         weight_decay: 0.01                                                    
│         lr_warmup_steps: 0                                                    
│         lr_total_steps: -1                                                    
│         lr_min_ratio: 0.01                                                    
│         n_rollout_closed_val: 16                                              
│         wosac_cpd_reference: null                                             
│         wosac_distribution_type_scale:                                        
│         - 22.3461620418                                                       
│         - 4.5793447978                                                        
│         - 18.537438883                                                        
│         n_batch_sim_agents_metric: 1                                          
│         scorer_scene_num: null                                                
│         sim_agents_metric_workers: 0                                          
│         n_vis_batch: 0                                                        
│         n_vis_scenario: 0                                                     
│         n_vis_rollout: 0                                                      
│         vis_ghost_gt: false                                                   
│         vis_flow_preview: true                                                
│         delete_local_videos_after_wandb_upload: false                         
│         val_open_loop: true                                                   
│         val_closed_loop: true                                                 
│         validation_open_seed: 0                                               
│         validation_closed_seed: 0                                             
│         token_processor:                                                      
│           map_token_file: map_traj_token5.pkl                                 
│           agent_token_file: agent_vocab_555_s2.pkl                            
│           flow_window_steps: 20                                               
│           use_prefix_valid_future_loss_mask: true                             
│           use_kinematic_control_flow: true                                    
│           use_holonomic_model_only: false                                     
│           use_rolling_supervision: true                                       
│           control_pos_scale_m: 1.0                                            
│           control_vehicle_no_slip_point_ratio: 0.2289518863                   
│           control_cyclist_no_slip_point_ratio: 0.0495847873                   
│           control_vehicle_yaw_scale_rad: 0.025                                
│           control_pedestrian_yaw_scale_rad: 0.2                               
│           control_cyclist_yaw_scale_rad: 0.06                                 
│           control_round_trip_max_position_error_m: 0.5                        
│         validation_rollout_sampling:                                          
│           sample_steps: 16                                                    
│           sample_method: euler                                                
│           noise_scale: 1.0                                                    
│         self_forced:                                                          
│           enabled: true                                                       
│           start_epoch: 0                                                      
│           weight: 1.0                                                         
│           path_step_size: 0.05                                                
│           anchor_weight: 0.0                                                  
│           use_anchor_flow_matching_loss: false                                
│           distribution_matching_objective: dmd                                
│           sid_alpha: 1.0                                                      
│           sid_normalizer_eps: 0.001                                           
│           detach_block_transition: false                                      
│           use_stop_motion: false                                              
│           estimator_updates_per_step: 4                                       
│           estimator_warmup_epochs: 0                                          
│           initialize_aux_from_generator_on_fit_start: true                    
│           unfrozen_range: full_flow_decoder                                   
│           ema_weight: 0.99                                                    
│           ema_start_step: 50                                                  
│           gradient_clip_val: 10.0                                             
│           sampling:                                                           
│             sample_steps: 16                                                  
│             sample_method: euler                                              
│             noise_scale: 1.0                                                  
│             random_terminal_step:                                             
│               enabled: false                                                  
│               scope: global_batch                                             
│               policy: paper_uniform                                           
│               min_executed_steps: 16                                          
│           dmd_beta: 1.0                                                       
│           dmd_normalize: true                                                 
│           dmd_beta_warmup_steps: 0                                            
│           dmd_beta_anneal_steps: 0                                            
│           estimator_lr: 1.0e-08                                               
│           estimator_warmup_steps: 0                                           
│           use_ema_for_validation: false                                       
│           n_rollouts: 1                                                       
│           n_anchors: 4                                                        
│           anchor_stride: 4                                                    
│         decoder:                                                              
│           hidden_dim: 128                                                     
│           num_freq_bands: 64                                                  
│           num_heads: 8                                                        
│           head_dim: 15                                                        
│           dropout: 0.1                                                        
│           hist_drop_prob: 0.1                                                 
│           num_map_layers: 3                                                   
│           num_agent_layers: 6                                                 
│           pl2pl_radius: 10                                                    
│           pl2a_radius: 30                                                     
│           a2a_radius: 60                                                      
│           time_span: 30                                                       
│           num_historical_steps: 11                                            
│           num_future_steps: 80                                                
│           flow_window_steps: 20                                               
│           flow_dim: 96                                                        
│           flow_num_chunk_heads: 4                                             
│           flow_num_chunk_layers: 2                                            
│           flow_solver_steps: 32                                               
│           flow_solver_method: euler                                           
│           flow_solver_eps: 0.001                                              
│           detach_train_metric_clean: false                                    
│           use_kinematic_control_flow: true                                    
│           use_holonomic_model_only: false                                     
│           use_rolling_supervision: true                                       
│           control_pos_scale_m: 1.0                                            
│           control_vehicle_no_slip_point_ratio: 0.2289518863                   
│           control_cyclist_no_slip_point_ratio: 0.0495847873                   
│           control_vehicle_yaw_scale_rad: 0.025                                
│           control_pedestrian_yaw_scale_rad: 0.2                               
│           control_cyclist_yaw_scale_rad: 0.06                                 
│           closed_loop_rollout_mode: raw_fm                                    
│           use_lqr: false                                                      
│           use_stop_motion: false                                              
│           lqr_commit:                                                         
│             dt: 0.1                                                           
│             history_steps: 6                                                  
│             horizon_steps: 10                                                 
│             velocity_smooth_lambda: 0.0001                                    
│             curvature_smooth_lambda: 0.01                                     
│             curvature_init_reg: 1.0e-10                                       
│             stop_speed_mps: 0.2                                               
│             stop_speed_kp: 0.5                                                
│             longitudinal_q: 10.0                                              
│             longitudinal_r: 0.0                                               
│             lateral_q_lat: 1.0                                                
│             lateral_q_head: 10.0                                              
│             lateral_q_kappa: 0.0                                              
│             lateral_r: 0.0                                                    
│             accel_tau_s: 0.0                                                  
│             curvature_tau_s: 0.0                                              
│             min_speed_for_curvature_clip_mps: 0.5                             
│         sim_agents_submission:                                                
│           is_active: false                                                    
│           method_name: SMART-flow-7M                                          
│           authors:                                                            
│           - Seulbin Hwang                                                     
│           - Kiyoung Om                                                        
│           affiliation: NaverLabs                                              
│           description: Flow-based generative model for simulating realistic ag
│           method_link: not available yet                                      
│           account_name: h.sb@naverlabs.com                                    
│         finetune:                                                             
│           enabled: false                                                      
│           train_except_map_encoder: false                                     
│           train_full_flow_decoder_only: false                                 
│           mode: none                                                          
│           velocity_head_only: false                                           
│           ocsc_n_rollouts: 4                                                  
│           ocsc_n_ol_rollouts: -1                                              
│           ocsc_ol_nearest_match: true                                         
│           ocsc_loss_type: l2                                                  
│           ocsc_gt_target: false                                               
│           ocsc_use_pretrained_ref: true                                       
│           ocsc_anchor_idx: 0                                                  
│           ocsc_match_space: pose                                              
│           ocsc_loss_window_steps: -1                                          
│           ocsc_loss_temporal_stride: -1                                       
│           ocsc_strict_active_mask: true                                       
│           ocsc_position_weight: 1.0                                           
│           ocsc_heading_weight: 0.01                                           
│         sim_agents_context_cache_size: 64                                     
│                                                                               
├── callbacks
│   └── model_checkpoint:                                                       
│         _target_: lightning.pytorch.callbacks.ModelCheckpoint                 
│         dirpath: /home2/pnc2/repos_python/kinematic_flow/logs/sweepC_g1e8_c1e8
│         filename: epoch_{epoch:03d}                                           
│         monitor: val_closed/sim_agents_2025/realism_meta_metric               
│         verbose: false                                                        
│         save_last: link                                                       
│         save_top_k: 1                                                         
│         mode: max                                                             
│         auto_insert_metric_name: false                                        
│         save_weights_only: false                                              
│         every_n_train_steps: null                                             
│         train_time_interval: null                                             
│         every_n_epochs: 1                                                     
│         save_on_train_epoch_end: null                                         
│       epoch_last_checkpoint:                                                  
│         _target_: src.utils.epoch_last_checkpoint.EpochLastCheckpointCallback 
│         dirpath: /home2/pnc2/repos_python/kinematic_flow/logs/sweepC_g1e8_c1e8
│         filename: epoch_last.ckpt                                             
│         save_weights_only: false                                              
│         upload_to_wandb: true                                                 
│         artifact_name: null                                                   
│       model_summary:                                                          
│         _target_: lightning.pytorch.callbacks.RichModelSummary                
│         max_depth: -1                                                         
│       learning_rate_monitor:                                                  
│         _target_: lightning.pytorch.callbacks.LearningRateMonitor             
│         logging_interval: epoch                                               
│       wandb_runtime_metrics:                                                  
│         _target_: src.utils.wandb_runtime_callback.WandbRuntimeMetricsCallback
│         log_every_n_steps: 20                                                 
│                                                                               
├── logger
│   └── wandb:                                                                  
│         _target_: lightning.pytorch.loggers.wandb.WandbLogger                 
│         name: sweepC_g1e8_c1e8_0604_092349                                    
│         save_dir: /home2/pnc2/repos_python/kinematic_flow/logs/sweepC_g1e8_c1e
│         offline: false                                                        
│         id: null                                                              
│         anonymous: null                                                       
│         project: clsft-catk                                                   
│         log_model: all                                                        
│         prefix: ''                                                            
│         entity: se99an                                                        
│         group: ''                                                             
│         tags: []                                                              
│         job_type: ''                                                          
│         resume: allow                                                         
│                                                                               
├── trainer
│   └── _target_: lightning.pytorch.trainer.Trainer                             
│       default_root_dir: /home2/pnc2/repos_python/kinematic_flow/logs/sweepC_g1
│       limit_train_batches: 1                                                  
│       limit_val_batches: 1.0                                                  
│       limit_test_batches: 1.0                                                 
│       max_epochs: 120                                                         
│       accelerator: gpu                                                        
│       devices: 1                                                              
│       precision: bf16-mixed                                                   
│       check_val_every_n_epoch: 10                                             
│       deterministic: false                                                    
│       gradient_clip_val: null                                                 
│       num_sanity_val_steps: 0                                                 
│       accumulate_grad_batches: 1                                              
│       log_every_n_steps: 1                                                    
│       strategy: auto                                                          
│       val_check_interval: null                                                
│       sync_batchnorm: false                                                   
│                                                                               
├── paths
│   └── root_dir: /home2/pnc2/repos_python/kinematic_flow                       
│       log_dir: /home2/pnc2/repos_python/kinematic_flow/logs/                  
│       output_dir: /home2/pnc2/repos_python/kinematic_flow/logs/sweepC_g1e8_c1e
│       cache_root: /home2/pnc2/repos_python/datasets/catk_cache                
│                                                                               
├── action
│   └── finetune                                                                
├── task_name
│   └── sweepC_g1e8_c1e8_0604_092349                                            
├── ckpt_path
│   └── logs/pretrained/pretrained.ckpt                                         
├── train_log_dir
│   └── None                                                                    
├── submission
│   └── description: null                                                       
│                                                                               
├── seed
│   └── 817                                                                     
└── waymo_submission
    └── enabled: false                                                          
        submit_validate: true                                                   
        submit_test: false                                                      
        evaluation_set: null                                                    
        challenge_url: https://waymo.com/open/challenges/2025/sim-agents/       
        submissions_url: https://waymo.com/open/challenges/submissions/         
        storage_state_path: /home2/pnc2/repos_python/kinematic_flow/secrets/waym
        archive_path: null                                                      
        browser_name: chromium                                                  
        browser_channel: null                                                   
        browser_executable_path: null                                           
        headless: true                                                          
        chromium_sandbox: false                                                 
        navigation_timeout_ms: 120000                                           
        upload_timeout_ms: 120000                                               
        post_submit_wait_ms: 5000                                               
        poll_submission_status: false                                           
        poll_timeout_seconds: 0                                                 
        poll_interval_seconds: 60                                               
        save_debug_artifacts: true                                              
                                                                                
Seed set to 817
[[36m2026-06-04 09:23:56,942[0m][[34m__main__[0m][[32mINFO[0m] - [rank: 0] Instantiating datamodule <src.smart.datamodules.MultiDataModule>[0m
[[36m2026-06-04 09:24:14,409[0m][[34m__main__[0m][[32mINFO[0m] - [rank: 0] Instantiating model <src.smart.model.smart_flow.SMARTFlow>[0m
