[[36m2026-06-03 18:06:00,694[0m][[34m__main__[0m][[32mINFO[0m] - [rank: 0] Printing config tree with Rich! <cfg.extras.print_config=True>[0m
[[36m2026-06-03 18:06:00,695[0m][[34msrc.utils.rich_utils[0m][[33mWARNING[0m] - [rank: 0] Field 'extras' not found in config. Skipping 'extras' config printing...[0m
CONFIG
├── data
│   └── _target_: src.smart.datamodules.MultiDataModule                         
│       train_batch_size: 32                                                    
│       val_batch_size: 16                                                      
│       test_batch_size: 16                                                     
│       num_workers: 4                                                          
│       prefetch_factor: 1                                                      
│       shuffle: true                                                           
│       pin_memory: true                                                        
│       persistent_workers: true                                                
│       eval_num_workers: null                                                  
│       eval_prefetch_factor: null                                              
│       eval_pin_memory: null                                                   
│       eval_persistent_workers: null                                           
│       eval_multiprocessing_context: null                                      
│       train_raw_dir: /home2/pnc2/repos_python/datasets/catk_cache/training    
│       val_raw_dir: /home2/pnc2/repos_python/datasets/catk_cache/validation    
│       val_tfrecords_splitted: /home2/pnc2/repos_python/datasets/catk_cache/val
│       test_raw_dir: /home2/pnc2/repos_python/datasets/catk_cache/testing      
│       train_max_num: 32                                                       
│       train_use_eval_agent_selection: true                                    
│       train_epoch_sample_fraction: 0.5                                        
│       train_memory_balanced_batches: false                                    
│       train_memory_balance_metadata_cache: null                               
│       train_memory_balance_metadata_num_workers: 8                            
│       train_memory_balance_build_on_missing: true                             
│       train_memory_balance_agent_weight: 1.0                                  
│       train_memory_balance_current_valid_agent_weight: 1.0                    
│       train_memory_balance_valid_agent_step_weight: 0.0                       
│       train_memory_balance_map_weight: 0.02                                   
│       train_memory_balance_seed: 0                                            
│                                                                               
├── model
│   └── _target_: src.smart.model.smart_flow.SMARTFlow                          
│       model_config:                                                           
│         lr: 1.0e-06                                                           
│         weight_decay: 0.01                                                    
│         lr_warmup_steps: 0                                                    
│         lr_total_steps: -1                                                    
│         lr_min_ratio: 0.01                                                    
│         n_rollout_closed_val: 16                                              
│         wosac_cpd_reference: null                                             
│         wosac_distribution_type_scale:                                        
│         - 22.3461620418                                                       
│         - 4.5793447978                                                        
│         - 18.537438883                                                        
│         n_batch_sim_agents_metric: 50                                         
│         scorer_scene_num: null                                                
│         sim_agents_metric_workers: 0                                          
│         n_vis_batch: 0                                                        
│         n_vis_scenario: 0                                                     
│         n_vis_rollout: 0                                                      
│         vis_ghost_gt: false                                                   
│         vis_flow_preview: true                                                
│         delete_local_videos_after_wandb_upload: false                         
│         val_open_loop: true                                                   
│         val_closed_loop: true                                                 
│         validation_open_seed: 0                                               
│         validation_closed_seed: 0                                             
│         token_processor:                                                      
│           map_token_file: map_traj_token5.pkl                                 
│           agent_token_file: agent_vocab_555_s2.pkl                            
│           flow_window_steps: 20                                               
│           use_prefix_valid_future_loss_mask: true                             
│           use_kinematic_control_flow: true                                    
│           use_holonomic_model_only: false                                     
│           use_rolling_supervision: true                                       
│           control_pos_scale_m: 1.0                                            
│           control_vehicle_no_slip_point_ratio: 0.2289518863                   
│           control_cyclist_no_slip_point_ratio: 0.0495847873                   
│           control_vehicle_yaw_scale_rad: 0.025                                
│           control_pedestrian_yaw_scale_rad: 0.2                               
│           control_cyclist_yaw_scale_rad: 0.06                                 
│           control_round_trip_max_position_error_m: 0.5                        
│         validation_rollout_sampling:                                          
│           sample_steps: 16                                                    
│           sample_method: euler                                                
│           noise_scale: 1.0                                                    
│         self_forced:                                                          
│           enabled: true                                                       
│           start_epoch: 0                                                      
│           weight: 1.0                                                         
│           path_step_size: 0.05                                                
│           anchor_weight: 0.0                                                  
│           use_anchor_flow_matching_loss: false                                
│           distribution_matching_objective: dmd                                
│           sid_alpha: 1.0                                                      
│           sid_normalizer_eps: 0.001                                           
│           detach_block_transition: false                                      
│           use_stop_motion: false                                              
│           estimator_updates_per_step: 3                                       
│           estimator_warmup_epochs: 0                                          
│           initialize_aux_from_generator_on_fit_start: true                    
│           unfrozen_range: velocity_head_only                                  
│           ema_weight: 0.99                                                    
│           ema_start_step: 50                                                  
│           gradient_clip_val: 10.0                                             
│           sampling:                                                           
│             sample_steps: 16                                                  
│             sample_method: euler                                              
│             noise_scale: 1.0                                                  
│             random_terminal_step:                                             
│               enabled: false                                                  
│               scope: global_batch                                             
│               policy: paper_uniform                                           
│               min_executed_steps: 16                                          
│           dmd_beta: 1.0                                                       
│           dmd_normalize: true                                                 
│           dmd_beta_warmup_steps: 0                                            
│           dmd_beta_anneal_steps: 0                                            
│           estimator_lr: 0.0001                                                
│           estimator_warmup_steps: 200                                         
│           use_ema_for_validation: false                                       
│           n_rollouts: 1                                                       
│           n_anchors: 4                                                        
│           anchor_stride: 4                                                    
│         decoder:                                                              
│           hidden_dim: 128                                                     
│           num_freq_bands: 64                                                  
│           num_heads: 8                                                        
│           head_dim: 15                                                        
│           dropout: 0.1                                                        
│           hist_drop_prob: 0.1                                                 
│           num_map_layers: 3                                                   
│           num_agent_layers: 6                                                 
│           pl2pl_radius: 10                                                    
│           pl2a_radius: 30                                                     
│           a2a_radius: 60                                                      
│           time_span: 30                                                       
│           num_historical_steps: 11                                            
│           num_future_steps: 80                                                
│           flow_window_steps: 20                                               
│           flow_dim: 96                                                        
│           flow_num_chunk_heads: 4                                             
│           flow_num_chunk_layers: 2                                            
│           flow_solver_steps: 32                                               
│           flow_solver_method: euler                                           
│           flow_solver_eps: 0.001                                              
│           detach_train_metric_clean: false                                    
│           use_kinematic_control_flow: true                                    
│           use_holonomic_model_only: false                                     
│           use_rolling_supervision: true                                       
│           control_pos_scale_m: 1.0                                            
│           control_vehicle_no_slip_point_ratio: 0.2289518863                   
│           control_cyclist_no_slip_point_ratio: 0.0495847873                   
│           control_vehicle_yaw_scale_rad: 0.025                                
│           control_pedestrian_yaw_scale_rad: 0.2                               
│           control_cyclist_yaw_scale_rad: 0.06                                 
│           closed_loop_rollout_mode: raw_fm                                    
│           use_lqr: false                                                      
│           use_stop_motion: false                                              
│           lqr_commit:                                                         
│             dt: 0.1                                                           
│             history_steps: 6                                                  
│             horizon_steps: 10                                                 
│             velocity_smooth_lambda: 0.0001                                    
│             curvature_smooth_lambda: 0.01                                     
│             curvature_init_reg: 1.0e-10                                       
│             stop_speed_mps: 0.2                                               
│             stop_speed_kp: 0.5                                                
│             longitudinal_q: 10.0                                              
│             longitudinal_r: 0.0                                               
│             lateral_q_lat: 1.0                                                
│             lateral_q_head: 10.0                                              
│             lateral_q_kappa: 0.0                                              
│             lateral_r: 0.0                                                    
│             accel_tau_s: 0.0                                                  
│             curvature_tau_s: 0.0                                              
│             min_speed_for_curvature_clip_mps: 0.5                             
│         sim_agents_submission:                                                
│           is_active: false                                                    
│           method_name: SMART-flow-7M                                          
│           authors:                                                            
│           - Seulbin Hwang                                                     
│           - Kiyoung Om                                                        
│           affiliation: NaverLabs                                              
│           description: Flow-based generative model for simulating realistic ag
│           method_link: not available yet                                      
│           account_name: h.sb@naverlabs.com                                    
│         finetune:                                                             
│           enabled: false                                                      
│           train_except_map_encoder: false                                     
│           train_full_flow_decoder_only: false                                 
│           mode: none                                                          
│           velocity_head_only: false                                           
│           ocsc_n_rollouts: 4                                                  
│           ocsc_n_ol_rollouts: -1                                              
│           ocsc_ol_nearest_match: true                                         
│           ocsc_loss_type: l2                                                  
│           ocsc_gt_target: false                                               
│           ocsc_use_pretrained_ref: true                                       
│           ocsc_anchor_idx: 0                                                  
│           ocsc_match_space: pose                                              
│           ocsc_loss_window_steps: -1                                          
│           ocsc_loss_temporal_stride: -1                                       
│           ocsc_strict_active_mask: true                                       
│           ocsc_position_weight: 1.0                                           
│           ocsc_heading_weight: 0.01                                           
│         sim_agents_context_cache_size: 64                                     
│                                                                               
├── callbacks
│   └── model_checkpoint:                                                       
│         _target_: lightning.pytorch.callbacks.ModelCheckpoint                 
│         dirpath: /home2/pnc2/repos_python/kinematic_flow/logs/valcheck_002_060
│         filename: epoch_{epoch:03d}                                           
│         monitor: val_closed/sim_agents_2025/realism_meta_metric               
│         verbose: false                                                        
│         save_last: link                                                       
│         save_top_k: 1                                                         
│         mode: max                                                             
│         auto_insert_metric_name: false                                        
│         save_weights_only: false                                              
│         every_n_train_steps: null                                             
│         train_time_interval: null                                             
│         every_n_epochs: 1                                                     
│         save_on_train_epoch_end: null                                         
│       epoch_last_checkpoint:                                                  
│         _target_: src.utils.epoch_last_checkpoint.EpochLastCheckpointCallback 
│         dirpath: /home2/pnc2/repos_python/kinematic_flow/logs/valcheck_002_060
│         filename: epoch_last.ckpt                                             
│         save_weights_only: false                                              
│         upload_to_wandb: true                                                 
│         artifact_name: null                                                   
│       model_summary:                                                          
│         _target_: lightning.pytorch.callbacks.RichModelSummary                
│         max_depth: -1                                                         
│       learning_rate_monitor:                                                  
│         _target_: lightning.pytorch.callbacks.LearningRateMonitor             
│         logging_interval: epoch                                               
│       wandb_runtime_metrics:                                                  
│         _target_: src.utils.wandb_runtime_callback.WandbRuntimeMetricsCallback
│         log_every_n_steps: 20                                                 
│                                                                               
├── logger
│   └── wandb:                                                                  
│         _target_: lightning.pytorch.loggers.wandb.WandbLogger                 
│         name: valcheck_002_0603_1805                                          
│         save_dir: /home2/pnc2/repos_python/kinematic_flow/logs/valcheck_002_06
│         offline: false                                                        
│         id: null                                                              
│         anonymous: null                                                       
│         project: clsft-catk                                                   
│         log_model: all                                                        
│         prefix: ''                                                            
│         entity: se99an                                                        
│         group: ''                                                             
│         tags: []                                                              
│         job_type: ''                                                          
│         resume: allow                                                         
│                                                                               
├── trainer
│   └── _target_: lightning.pytorch.trainer.Trainer                             
│       default_root_dir: /home2/pnc2/repos_python/kinematic_flow/logs/valcheck_
│       limit_train_batches: 1.0                                                
│       limit_val_batches: 0.02                                                 
│       limit_test_batches: 1.0                                                 
│       max_epochs: 16                                                          
│       accelerator: gpu                                                        
│       devices: 1                                                              
│       precision: bf16-mixed                                                   
│       check_val_every_n_epoch: null                                           
│       deterministic: false                                                    
│       gradient_clip_val: null                                                 
│       num_sanity_val_steps: 0                                                 
│       accumulate_grad_batches: 1                                              
│       log_every_n_steps: 1                                                    
│       strategy: auto                                                          
│       val_check_interval: 400                                                 
│       sync_batchnorm: false                                                   
│                                                                               
├── paths
│   └── root_dir: /home2/pnc2/repos_python/kinematic_flow                       
│       log_dir: /home2/pnc2/repos_python/kinematic_flow/logs/                  
│       output_dir: /home2/pnc2/repos_python/kinematic_flow/logs/valcheck_002_06
│       cache_root: /home2/pnc2/repos_python/datasets/catk_cache                
│                                                                               
├── action
│   └── validate                                                                
├── task_name
│   └── valcheck_002_0603_1805                                                  
├── ckpt_path
│   └── logs/pretrained/pretrained.ckpt                                         
├── train_log_dir
│   └── None                                                                    
├── submission
│   └── description: null                                                       
│                                                                               
├── seed
│   └── 817                                                                     
└── waymo_submission
    └── enabled: false                                                          
        submit_validate: true                                                   
        submit_test: false                                                      
        evaluation_set: null                                                    
        challenge_url: https://waymo.com/open/challenges/2025/sim-agents/       
        submissions_url: https://waymo.com/open/challenges/submissions/         
        storage_state_path: /home2/pnc2/repos_python/kinematic_flow/secrets/waym
        archive_path: null                                                      
        browser_name: chromium                                                  
        browser_channel: null                                                   
        browser_executable_path: null                                           
        headless: true                                                          
        chromium_sandbox: false                                                 
        navigation_timeout_ms: 120000                                           
        upload_timeout_ms: 120000                                               
        post_submit_wait_ms: 5000                                               
        poll_submission_status: false                                           
        poll_timeout_seconds: 0                                                 
        poll_interval_seconds: 60                                               
        save_debug_artifacts: true                                              
                                                                                
Seed set to 817
[[36m2026-06-03 18:06:03,448[0m][[34m__main__[0m][[32mINFO[0m] - [rank: 0] Instantiating datamodule <src.smart.datamodules.MultiDataModule>[0m
[[36m2026-06-03 18:06:17,183[0m][[34m__main__[0m][[32mINFO[0m] - [rank: 0] Instantiating model <src.smart.model.smart_flow.SMARTFlow>[0m
[[36m2026-06-03 18:06:19,261[0m][[34msrc.smart.utils.finetune[0m][[33mWARNING[0m] - [rank: 0] Pretraining mode: residual_velocity_head not found; skipping freeze.[0m
[[36m2026-06-03 18:06:19,709[0m][[34m__main__[0m][[32mINFO[0m] - [rank: 0] Configured checkpoint monitor: monitor=val_closed/sim_agents_2025/realism_meta_metric, mode=max[0m
[[36m2026-06-03 18:06:19,710[0m][[34m__main__[0m][[32mINFO[0m] - [rank: 0] Instantiating callbacks...[0m
[[36m2026-06-03 18:06:19,710[0m][[34msrc.utils.instantiators[0m][[32mINFO[0m] - [rank: 0] Instantiating callback <lightning.pytorch.callbacks.ModelCheckpoint>[0m
[[36m2026-06-03 18:06:19,713[0m][[34msrc.utils.instantiators[0m][[32mINFO[0m] - [rank: 0] Instantiating callback <src.utils.epoch_last_checkpoint.EpochLastCheckpointCallback>[0m
[[36m2026-06-03 18:06:19,714[0m][[34msrc.utils.instantiators[0m][[32mINFO[0m] - [rank: 0] Instantiating callback <lightning.pytorch.callbacks.RichModelSummary>[0m
[[36m2026-06-03 18:06:19,715[0m][[34msrc.utils.instantiators[0m][[32mINFO[0m] - [rank: 0] Instantiating callback <lightning.pytorch.callbacks.LearningRateMonitor>[0m
[[36m2026-06-03 18:06:19,715[0m][[34msrc.utils.instantiators[0m][[32mINFO[0m] - [rank: 0] Instantiating callback <src.utils.wandb_runtime_callback.WandbRuntimeMetricsCallback>[0m
[[36m2026-06-03 18:06:19,716[0m][[34m__main__[0m][[33mWARNING[0m] - [rank: 0] Disabled W&B checkpoint artifact upload because W&B is configured for offline/disabled mode.[0m
[[36m2026-06-03 18:06:19,716[0m][[34m__main__[0m][[32mINFO[0m] - [rank: 0] Instantiating loggers...[0m
[[36m2026-06-03 18:06:19,716[0m][[34msrc.utils.instantiators[0m][[32mINFO[0m] - [rank: 0] Instantiating logger <lightning.pytorch.loggers.wandb.WandbLogger>[0m
[[36m2026-06-03 18:06:19,718[0m][[34m__main__[0m][[32mINFO[0m] - [rank: 0] Instantiating trainer <lightning.pytorch.trainer.Trainer>[0m
Using bfloat16 Automatic Mixed Precision (AMP)
Trainer already configured with model summary callbacks: [<class 'lightning.pytorch.callbacks.rich_model_summary.RichModelSummary'>]. Skipping setting a default `ModelSummary` callback.
GPU available: True (cuda), used: True
TPU available: False, using: 0 TPU cores
HPU available: False, using: 0 HPUs
`Trainer(limit_train_batches=1.0)` was configured so 100% of the batches per epoch will be used..
`Trainer(limit_test_batches=1.0)` was configured so 100% of the batches will be used..
[[36m2026-06-03 18:06:19,729[0m][[34m__main__[0m][[32mINFO[0m] - [rank: 0] Logging hyperparameters![0m
wandb: WARNING The anonymous setting has no effect and will be removed in a future version.
wandb: WARNING `resume` will be ignored since W&B syncing is set to `offline`. Starting a new run with run id c246y7gz.
wandb: Tracking run with wandb version 0.25.1
wandb: W&B syncing is set to `offline` in this directory. Run `wandb online` or set WANDB_MODE=online to enable cloud syncing.
wandb: Run data is saved locally in /home2/pnc2/repos_python/kinematic_flow/logs/valcheck_002_0603_1805/runs/2026-06-03_18-06-00/wandb/offline-run-20260603_180619-c246y7gz
[[36m2026-06-03 18:06:22,215[0m][[34m__main__[0m][[32mINFO[0m] - [rank: 0] Resuming from ckpt: cfg.ckpt_path=logs/pretrained/pretrained.ckpt[0m
[[36m2026-06-03 18:06:22,216[0m][[34m__main__[0m][[32mINFO[0m] - [rank: 0] Starting validating![0m
[[36m2026-06-03 18:06:22,790[0m][[34msrc.smart.datasets.scalable_dataset[0m][[32mINFO[0m] - [rank: 0] Length of /home2/pnc2/repos_python/datasets/catk_cache/validation dataset is 44097[0m
Restoring states from the checkpoint path at logs/pretrained/pretrained.ckpt
LOCAL_RANK: 0 - CUDA_VISIBLE_DEVICES: [2]
Loaded model weights from the checkpoint at logs/pretrained/pretrained.ckpt
Validation: |          | 0/? [00:00<?, ?it/s]Validation:   0%|          | 0/55 [00:00<?, ?it/s]Validation DataLoader 0:   0%|          | 0/55 [00:00<?, ?it/s]Validation DataLoader 0:   2%|▏         | 1/55 [01:13<1:06:04,  0.01it/s]Validation DataLoader 0:   4%|▎         | 2/55 [01:25<37:37,  0.02it/s]  Validation DataLoader 0:   5%|▌         | 3/55 [01:39<28:50,  0.03it/s]Validation DataLoader 0:   7%|▋         | 4/55 [02:07<26:59,  0.03it/s]Validation DataLoader 0:   9%|▉         | 5/55 [02:21<23:35,  0.04it/s]Validation DataLoader 0:  11%|█         | 6/55 [02:32<20:49,  0.04it/s]Validation DataLoader 0:  13%|█▎        | 7/55 [02:44<18:45,  0.04it/s]Validation DataLoader 0:  15%|█▍        | 8/55 [02:57<17:21,  0.05it/s]Validation DataLoader 0:  16%|█▋        | 9/55 [03:12<16:22,  0.05it/s]Validation DataLoader 0:  18%|█▊        | 10/55 [03:28<15:38,  0.05it/s]Validation DataLoader 0:  20%|██        | 11/55 [03:40<14:43,  0.05it/s]Validation DataLoader 0:  22%|██▏       | 12/55 [03:51<13:51,  0.05it/s]